c:\users\aanay\udaity term 2\localization\carnd-kidnapped-vehicle-project-visualizer\carnd-kidnapped-vehicle-project-visualizer\build\particle_filter.dir\debug\vc140.pdb
c:\users\aanay\udaity term 2\localization\carnd-kidnapped-vehicle-project-visualizer\carnd-kidnapped-vehicle-project-visualizer\build\particle_filter.dir\debug\main.obj
c:\users\aanay\udaity term 2\localization\carnd-kidnapped-vehicle-project-visualizer\carnd-kidnapped-vehicle-project-visualizer\build\particle_filter.dir\debug\particle_filter.obj
c:\users\aanay\udaity term 2\localization\carnd-kidnapped-vehicle-project-visualizer\carnd-kidnapped-vehicle-project-visualizer\build\cmakefiles\generate.stamp
c:\users\aanay\udaity term 2\localization\carnd-kidnapped-vehicle-project-visualizer\carnd-kidnapped-vehicle-project-visualizer\build\debug\particle_filter.ilk
c:\users\aanay\udaity term 2\localization\carnd-kidnapped-vehicle-project-visualizer\carnd-kidnapped-vehicle-project-visualizer\build\debug\particle_filter.exe
c:\users\aanay\udaity term 2\localization\carnd-kidnapped-vehicle-project-visualizer\carnd-kidnapped-vehicle-project-visualizer\build\debug\particle_filter.pdb
c:\users\aanay\udaity term 2\localization\carnd-kidnapped-vehicle-project-visualizer\carnd-kidnapped-vehicle-project-visualizer\build\debug\particle_filter.lib
c:\users\aanay\udaity term 2\localization\carnd-kidnapped-vehicle-project-visualizer\carnd-kidnapped-vehicle-project-visualizer\build\debug\particle_filter.exp
c:\users\aanay\udaity term 2\localization\carnd-kidnapped-vehicle-project-visualizer\carnd-kidnapped-vehicle-project-visualizer\build\particle_filter.dir\debug\vcpkg.applocal.log
c:\users\aanay\udaity term 2\localization\carnd-kidnapped-vehicle-project-visualizer\carnd-kidnapped-vehicle-project-visualizer\build\debug\uws.dll
c:\users\aanay\udaity term 2\localization\carnd-kidnapped-vehicle-project-visualizer\carnd-kidnapped-vehicle-project-visualizer\build\debug\ssleay32.dll
c:\users\aanay\udaity term 2\localization\carnd-kidnapped-vehicle-project-visualizer\carnd-kidnapped-vehicle-project-visualizer\build\debug\libeay32.dll
c:\users\aanay\udaity term 2\localization\carnd-kidnapped-vehicle-project-visualizer\carnd-kidnapped-vehicle-project-visualizer\build\debug\zlibd1.dll
c:\users\aanay\udaity term 2\localization\carnd-kidnapped-vehicle-project-visualizer\carnd-kidnapped-vehicle-project-visualizer\build\debug\libuv.dll
c:\users\aanay\udaity term 2\localization\carnd-kidnapped-vehicle-project-visualizer\carnd-kidnapped-vehicle-project-visualizer\build\particle_filter.dir\debug\particle_filter.tlog\cl.command.1.tlog
c:\users\aanay\udaity term 2\localization\carnd-kidnapped-vehicle-project-visualizer\carnd-kidnapped-vehicle-project-visualizer\build\particle_filter.dir\debug\particle_filter.tlog\cl.read.1.tlog
c:\users\aanay\udaity term 2\localization\carnd-kidnapped-vehicle-project-visualizer\carnd-kidnapped-vehicle-project-visualizer\build\particle_filter.dir\debug\particle_filter.tlog\cl.write.1.tlog
c:\users\aanay\udaity term 2\localization\carnd-kidnapped-vehicle-project-visualizer\carnd-kidnapped-vehicle-project-visualizer\build\particle_filter.dir\debug\particle_filter.tlog\custombuild.command.1.tlog
c:\users\aanay\udaity term 2\localization\carnd-kidnapped-vehicle-project-visualizer\carnd-kidnapped-vehicle-project-visualizer\build\particle_filter.dir\debug\particle_filter.tlog\custombuild.read.1.tlog
c:\users\aanay\udaity term 2\localization\carnd-kidnapped-vehicle-project-visualizer\carnd-kidnapped-vehicle-project-visualizer\build\particle_filter.dir\debug\particle_filter.tlog\custombuild.write.1.tlog
c:\users\aanay\udaity term 2\localization\carnd-kidnapped-vehicle-project-visualizer\carnd-kidnapped-vehicle-project-visualizer\build\particle_filter.dir\debug\particle_filter.tlog\link.command.1.tlog
c:\users\aanay\udaity term 2\localization\carnd-kidnapped-vehicle-project-visualizer\carnd-kidnapped-vehicle-project-visualizer\build\particle_filter.dir\debug\particle_filter.tlog\link.read.1.tlog
c:\users\aanay\udaity term 2\localization\carnd-kidnapped-vehicle-project-visualizer\carnd-kidnapped-vehicle-project-visualizer\build\particle_filter.dir\debug\particle_filter.tlog\link.write.1.tlog
c:\users\aanay\udaity term 2\localization\carnd-kidnapped-vehicle-project-visualizer\carnd-kidnapped-vehicle-project-visualizer\build\particle_filter.dir\debug\particle_filter.tlog\particle_filter.write.1u.tlog
