c:\users\aanay\udaity term 2\pid\carnd-pid-control-project-master\carnd-pid-control-project-master\build\pid.dir\debug\vc140.pdb
c:\users\aanay\udaity term 2\pid\carnd-pid-control-project-master\carnd-pid-control-project-master\build\pid.dir\debug\main.obj
c:\users\aanay\udaity term 2\pid\carnd-pid-control-project-master\carnd-pid-control-project-master\build\pid.dir\debug\pid.obj
c:\users\aanay\udaity term 2\pid\carnd-pid-control-project-master\carnd-pid-control-project-master\build\cmakefiles\generate.stamp
c:\users\aanay\udaity term 2\pid\carnd-pid-control-project-master\carnd-pid-control-project-master\build\debug\pid.ilk
c:\users\aanay\udaity term 2\pid\carnd-pid-control-project-master\carnd-pid-control-project-master\build\debug\pid.exe
c:\users\aanay\udaity term 2\pid\carnd-pid-control-project-master\carnd-pid-control-project-master\build\debug\pid.pdb
c:\users\aanay\udaity term 2\pid\carnd-pid-control-project-master\carnd-pid-control-project-master\build\debug\pid.lib
c:\users\aanay\udaity term 2\pid\carnd-pid-control-project-master\carnd-pid-control-project-master\build\debug\pid.exp
c:\users\aanay\udaity term 2\pid\carnd-pid-control-project-master\carnd-pid-control-project-master\build\pid.dir\debug\vcpkg.applocal.log
c:\users\aanay\udaity term 2\pid\carnd-pid-control-project-master\carnd-pid-control-project-master\build\debug\ssleay32.dll
c:\users\aanay\udaity term 2\pid\carnd-pid-control-project-master\carnd-pid-control-project-master\build\debug\libeay32.dll
c:\users\aanay\udaity term 2\pid\carnd-pid-control-project-master\carnd-pid-control-project-master\build\debug\libuv.dll
c:\users\aanay\udaity term 2\pid\carnd-pid-control-project-master\carnd-pid-control-project-master\build\debug\uws.dll
c:\users\aanay\udaity term 2\pid\carnd-pid-control-project-master\carnd-pid-control-project-master\build\debug\zlibd1.dll
c:\users\aanay\udaity term 2\pid\carnd-pid-control-project-master\carnd-pid-control-project-master\build\pid.dir\debug\pid.tlog\cl.command.1.tlog
c:\users\aanay\udaity term 2\pid\carnd-pid-control-project-master\carnd-pid-control-project-master\build\pid.dir\debug\pid.tlog\cl.read.1.tlog
c:\users\aanay\udaity term 2\pid\carnd-pid-control-project-master\carnd-pid-control-project-master\build\pid.dir\debug\pid.tlog\cl.write.1.tlog
c:\users\aanay\udaity term 2\pid\carnd-pid-control-project-master\carnd-pid-control-project-master\build\pid.dir\debug\pid.tlog\custombuild.command.1.tlog
c:\users\aanay\udaity term 2\pid\carnd-pid-control-project-master\carnd-pid-control-project-master\build\pid.dir\debug\pid.tlog\custombuild.read.1.tlog
c:\users\aanay\udaity term 2\pid\carnd-pid-control-project-master\carnd-pid-control-project-master\build\pid.dir\debug\pid.tlog\custombuild.write.1.tlog
c:\users\aanay\udaity term 2\pid\carnd-pid-control-project-master\carnd-pid-control-project-master\build\pid.dir\debug\pid.tlog\link.command.1.tlog
c:\users\aanay\udaity term 2\pid\carnd-pid-control-project-master\carnd-pid-control-project-master\build\pid.dir\debug\pid.tlog\link.read.1.tlog
c:\users\aanay\udaity term 2\pid\carnd-pid-control-project-master\carnd-pid-control-project-master\build\pid.dir\debug\pid.tlog\link.write.1.tlog
c:\users\aanay\udaity term 2\pid\carnd-pid-control-project-master\carnd-pid-control-project-master\build\pid.dir\debug\pid.tlog\pid.write.1u.tlog
