  main.cpp
c:\src\vcpkg\installed\x64-windows\include\uws\Libuv.h(114): warning C4800: 'int': forcing value to bool 'true' or 'false' (performance warning)
c:\src\vcpkg\installed\x64-windows\include\uws\Networking.h(162): warning C4251: 'uS::TLS::Context::password': class 'std::shared_ptr<std::string>' needs to have dll-interface to be used by clients of class 'uS::TLS::Context'
  c:\src\vcpkg\installed\x64-windows\include\uws\Networking.h(162): note: see declaration of 'std::shared_ptr<std::string>'
c:\src\vcpkg\installed\x64-windows\include\uws\Networking.h(167): warning C4267: 'argument': conversion from 'size_t' to 'const int', possible loss of data
c:\src\vcpkg\installed\x64-windows\include\uws\Networking.h(184): warning C4800: 'SSL_CTX *': forcing value to bool 'true' or 'false' (performance warning)
c:\src\vcpkg\installed\x64-windows\include\uws\Networking.h(214): warning C4251: 'uS::NodeData::transferQueue': class 'std::vector<Poll *,std::allocator<_Ty>>' needs to have dll-interface to be used by clients of struct 'uS::NodeData'
          with
          [
              _Ty=Poll *
          ]
  c:\src\vcpkg\installed\x64-windows\include\uws\Networking.h(214): note: see declaration of 'std::vector<Poll *,std::allocator<_Ty>>'
          with
          [
              _Ty=Poll *
          ]
c:\src\vcpkg\installed\x64-windows\include\uws\Networking.h(215): warning C4251: 'uS::NodeData::changePollQueue': class 'std::vector<Poll *,std::allocator<_Ty>>' needs to have dll-interface to be used by clients of struct 'uS::NodeData'
          with
          [
              _Ty=Poll *
          ]
  c:\src\vcpkg\installed\x64-windows\include\uws\Networking.h(214): note: see declaration of 'std::vector<Poll *,std::allocator<_Ty>>'
          with
          [
              _Ty=Poll *
          ]
c:\src\vcpkg\installed\x64-windows\include\uws\Networking.h(219): warning C4800: 'std::size_t': forcing value to bool 'true' or 'false' (performance warning)
c:\src\vcpkg\installed\x64-windows\include\uws\Networking.h(219): warning C4267: 'return': conversion from 'size_t' to 'int', possible loss of data
c:\src\vcpkg\installed\x64-windows\include\uws\Socket.h(26): warning C4275: non dll-interface struct 'Poll' used as base for dll-interface struct 'uS::Socket'
  c:\src\vcpkg\installed\x64-windows\include\uws\Libuv.h(92): note: see declaration of 'Poll'
  c:\src\vcpkg\installed\x64-windows\include\uws\Socket.h(26): note: see declaration of 'uS::Socket'
c:\src\vcpkg\installed\x64-windows\include\uws\Socket.h(74): warning C4251: 'uS::Socket::messageQueue': struct 'uS::Socket::Queue' needs to have dll-interface to be used by clients of struct 'uS::Socket'
  c:\src\vcpkg\installed\x64-windows\include\uws\Socket.h(38): note: see declaration of 'uS::Socket::Queue'
c:\src\vcpkg\installed\x64-windows\include\uws\Socket.h(309): warning C4267: 'argument': conversion from 'size_t' to 'int', possible loss of data
c:\src\vcpkg\installed\x64-windows\include\uws\Socket.h(314): warning C4244: 'argument': conversion from 'ssize_t' to 'int', possible loss of data
c:\src\vcpkg\installed\x64-windows\include\uws\Socket.h(328): warning C4267: 'argument': conversion from 'size_t' to 'int', possible loss of data
c:\src\vcpkg\installed\x64-windows\include\uws\Socket.h(488): warning C4800: 'int': forcing value to bool 'true' or 'false' (performance warning)
c:\src\vcpkg\installed\x64-windows\include\uws\WebSocket.h(18): warning C4251: 'uWS::WebSocket<isServer>::fragmentBuffer': class 'std::basic_string<char,std::char_traits<char>,std::allocator<char>>' needs to have dll-interface to be used by clients of struct 'uWS::WebSocket<isServer>'
  C:\Program Files (x86)\Microsoft Visual Studio 14.0\VC\include\xstring(2633): note: see declaration of 'std::basic_string<char,std::char_traits<char>,std::allocator<char>>'
  c:\src\vcpkg\installed\x64-windows\include\uws\WebSocket.h(84): note: see reference to class template instantiation 'uWS::WebSocket<isServer>' being compiled
c:\src\vcpkg\installed\x64-windows\include\uws\HTTPSocket.h(15): warning C4800: 'char *': forcing value to bool 'true' or 'false' (performance warning)
c:\src\vcpkg\installed\x64-windows\include\uws\HTTPSocket.h(115): warning C4251: 'uWS::HttpSocket<true>::httpBuffer': class 'std::basic_string<char,std::char_traits<char>,std::allocator<char>>' needs to have dll-interface to be used by clients of struct 'uWS::HttpSocket<true>'
  C:\Program Files (x86)\Microsoft Visual Studio 14.0\VC\include\xstring(2633): note: see declaration of 'std::basic_string<char,std::char_traits<char>,std::allocator<char>>'
  c:\src\vcpkg\installed\x64-windows\include\uws\HTTPSocket.h(142): note: see reference to class template instantiation 'uWS::HttpSocket<true>' being compiled
c:\src\vcpkg\installed\x64-windows\include\uws\HTTPSocket.h(207): warning C4996: 'sprintf': This function or variable may be unsafe. Consider using sprintf_s instead. To disable deprecation, use _CRT_SECURE_NO_WARNINGS. See online help for details.
  C:\Program Files (x86)\Windows Kits\10\Include\10.0.10240.0\ucrt\stdio.h(1769): note: see declaration of 'sprintf'
c:\src\vcpkg\installed\x64-windows\include\uws\Node.h(77): warning C4251: 'uS::Node::asyncMutex': class 'std::recursive_mutex' needs to have dll-interface to be used by clients of class 'uS::Node'
  C:\Program Files (x86)\Microsoft Visual Studio 14.0\VC\include\mutex(91): note: see declaration of 'std::recursive_mutex'
c:\src\vcpkg\installed\x64-windows\include\uws\Group.h(26): warning C4251: 'uWS::Group<true>::connectionHandler': class 'std::function<void (uWS::WebSocket<true> *,uWS::HttpRequest)>' needs to have dll-interface to be used by clients of struct 'uWS::Group<true>'
  c:\src\vcpkg\installed\x64-windows\include\uws\Group.h(26): note: see declaration of 'std::function<void (uWS::WebSocket<true> *,uWS::HttpRequest)>'
  c:\src\vcpkg\installed\x64-windows\include\uws\Hub.h(13): note: see reference to class template instantiation 'uWS::Group<true>' being compiled
c:\src\vcpkg\installed\x64-windows\include\uws\Group.h(27): warning C4251: 'uWS::Group<true>::transferHandler': class 'std::function<void (uWS::WebSocket<true> *)>' needs to have dll-interface to be used by clients of struct 'uWS::Group<true>'
  c:\src\vcpkg\installed\x64-windows\include\uws\Group.h(27): note: see declaration of 'std::function<void (uWS::WebSocket<true> *)>'
c:\src\vcpkg\installed\x64-windows\include\uws\Group.h(28): warning C4251: 'uWS::Group<true>::messageHandler': class 'std::function<void (uWS::WebSocket<true> *,char *,std::size_t,uWS::OpCode)>' needs to have dll-interface to be used by clients of struct 'uWS::Group<true>'
  c:\src\vcpkg\installed\x64-windows\include\uws\Group.h(28): note: see declaration of 'std::function<void (uWS::WebSocket<true> *,char *,std::size_t,uWS::OpCode)>'
c:\src\vcpkg\installed\x64-windows\include\uws\Group.h(29): warning C4251: 'uWS::Group<true>::disconnectionHandler': class 'std::function<void (uWS::WebSocket<true> *,int,char *,std::size_t)>' needs to have dll-interface to be used by clients of struct 'uWS::Group<true>'
  c:\src\vcpkg\installed\x64-windows\include\uws\Group.h(29): note: see declaration of 'std::function<void (uWS::WebSocket<true> *,int,char *,std::size_t)>'
c:\src\vcpkg\installed\x64-windows\include\uws\Group.h(30): warning C4251: 'uWS::Group<true>::pingHandler': class 'std::function<void (uWS::WebSocket<true> *,char *,std::size_t)>' needs to have dll-interface to be used by clients of struct 'uWS::Group<true>'
  c:\src\vcpkg\installed\x64-windows\include\uws\Group.h(30): note: see declaration of 'std::function<void (uWS::WebSocket<true> *,char *,std::size_t)>'
c:\src\vcpkg\installed\x64-windows\include\uws\Group.h(31): warning C4251: 'uWS::Group<true>::pongHandler': class 'std::function<void (uWS::WebSocket<true> *,char *,std::size_t)>' needs to have dll-interface to be used by clients of struct 'uWS::Group<true>'
  c:\src\vcpkg\installed\x64-windows\include\uws\Group.h(30): note: see declaration of 'std::function<void (uWS::WebSocket<true> *,char *,std::size_t)>'
c:\src\vcpkg\installed\x64-windows\include\uws\Group.h(32): warning C4251: 'uWS::Group<true>::httpConnectionHandler': class 'std::function<void (uWS::HttpSocket<true> *)>' needs to have dll-interface to be used by clients of struct 'uWS::Group<true>'
  c:\src\vcpkg\installed\x64-windows\include\uws\Group.h(32): note: see declaration of 'std::function<void (uWS::HttpSocket<true> *)>'
c:\src\vcpkg\installed\x64-windows\include\uws\Group.h(33): warning C4251: 'uWS::Group<true>::httpRequestHandler': class 'std::function<void (uWS::HttpResponse *,uWS::HttpRequest,char *,std::size_t,std::size_t)>' needs to have dll-interface to be used by clients of struct 'uWS::Group<true>'
  c:\src\vcpkg\installed\x64-windows\include\uws\Group.h(33): note: see declaration of 'std::function<void (uWS::HttpResponse *,uWS::HttpRequest,char *,std::size_t,std::size_t)>'
c:\src\vcpkg\installed\x64-windows\include\uws\Group.h(34): warning C4251: 'uWS::Group<true>::httpDataHandler': class 'std::function<void (uWS::HttpResponse *,char *,std::size_t,std::size_t)>' needs to have dll-interface to be used by clients of struct 'uWS::Group<true>'
  c:\src\vcpkg\installed\x64-windows\include\uws\Group.h(34): note: see declaration of 'std::function<void (uWS::HttpResponse *,char *,std::size_t,std::size_t)>'
c:\src\vcpkg\installed\x64-windows\include\uws\Group.h(35): warning C4251: 'uWS::Group<true>::httpCancelledRequestHandler': class 'std::function<void (uWS::HttpResponse *)>' needs to have dll-interface to be used by clients of struct 'uWS::Group<true>'
  c:\src\vcpkg\installed\x64-windows\include\uws\Group.h(35): note: see declaration of 'std::function<void (uWS::HttpResponse *)>'
c:\src\vcpkg\installed\x64-windows\include\uws\Group.h(36): warning C4251: 'uWS::Group<true>::httpDisconnectionHandler': class 'std::function<void (uWS::HttpSocket<true> *)>' needs to have dll-interface to be used by clients of struct 'uWS::Group<true>'
  c:\src\vcpkg\installed\x64-windows\include\uws\Group.h(32): note: see declaration of 'std::function<void (uWS::HttpSocket<true> *)>'
c:\src\vcpkg\installed\x64-windows\include\uws\Group.h(37): warning C4251: 'uWS::Group<true>::httpUpgradeHandler': class 'std::function<void (uWS::HttpSocket<true> *,uWS::HttpRequest)>' needs to have dll-interface to be used by clients of struct 'uWS::Group<true>'
  c:\src\vcpkg\installed\x64-windows\include\uws\Group.h(37): note: see declaration of 'std::function<void (uWS::HttpSocket<true> *,uWS::HttpRequest)>'
c:\src\vcpkg\installed\x64-windows\include\uws\Group.h(40): warning C4251: 'uWS::Group<true>::errorHandler': class 'std::function<void (int)>' needs to have dll-interface to be used by clients of struct 'uWS::Group<true>'
  c:\src\vcpkg\installed\x64-windows\include\uws\Group.h(40): note: see declaration of 'std::function<void (int)>'
c:\src\vcpkg\installed\x64-windows\include\uws\Group.h(45): warning C4251: 'uWS::Group<true>::userPingMessage': class 'std::basic_string<char,std::char_traits<char>,std::allocator<char>>' needs to have dll-interface to be used by clients of struct 'uWS::Group<true>'
  C:\Program Files (x86)\Microsoft Visual Studio 14.0\VC\include\xstring(2633): note: see declaration of 'std::basic_string<char,std::char_traits<char>,std::allocator<char>>'
c:\src\vcpkg\installed\x64-windows\include\uws\Group.h(46): warning C4251: 'uWS::Group<true>::iterators': class 'std::stack<Poll *,std::deque<_Ty,std::allocator<_Ty>>>' needs to have dll-interface to be used by clients of struct 'uWS::Group<true>'
          with
          [
              _Ty=Poll *
          ]
  c:\src\vcpkg\installed\x64-windows\include\uws\Group.h(46): note: see declaration of 'std::stack<Poll *,std::deque<_Ty,std::allocator<_Ty>>>'
          with
          [
              _Ty=Poll *
          ]
c:\src\vcpkg\installed\x64-windows\include\uws\Group.h(26): warning C4251: 'uWS::Group<false>::connectionHandler': class 'std::function<void (uWS::WebSocket<false> *,uWS::HttpRequest)>' needs to have dll-interface to be used by clients of struct 'uWS::Group<false>'
  c:\src\vcpkg\installed\x64-windows\include\uws\Group.h(26): note: see declaration of 'std::function<void (uWS::WebSocket<false> *,uWS::HttpRequest)>'
  c:\src\vcpkg\installed\x64-windows\include\uws\Hub.h(13): note: see reference to class template instantiation 'uWS::Group<false>' being compiled
c:\src\vcpkg\installed\x64-windows\include\uws\Group.h(27): warning C4251: 'uWS::Group<false>::transferHandler': class 'std::function<void (uWS::WebSocket<false> *)>' needs to have dll-interface to be used by clients of struct 'uWS::Group<false>'
  c:\src\vcpkg\installed\x64-windows\include\uws\Group.h(27): note: see declaration of 'std::function<void (uWS::WebSocket<false> *)>'
c:\src\vcpkg\installed\x64-windows\include\uws\Group.h(28): warning C4251: 'uWS::Group<false>::messageHandler': class 'std::function<void (uWS::WebSocket<false> *,char *,std::size_t,uWS::OpCode)>' needs to have dll-interface to be used by clients of struct 'uWS::Group<false>'
  c:\src\vcpkg\installed\x64-windows\include\uws\Group.h(28): note: see declaration of 'std::function<void (uWS::WebSocket<false> *,char *,std::size_t,uWS::OpCode)>'
c:\src\vcpkg\installed\x64-windows\include\uws\Group.h(29): warning C4251: 'uWS::Group<false>::disconnectionHandler': class 'std::function<void (uWS::WebSocket<false> *,int,char *,std::size_t)>' needs to have dll-interface to be used by clients of struct 'uWS::Group<false>'
  c:\src\vcpkg\installed\x64-windows\include\uws\Group.h(29): note: see declaration of 'std::function<void (uWS::WebSocket<false> *,int,char *,std::size_t)>'
c:\src\vcpkg\installed\x64-windows\include\uws\Group.h(30): warning C4251: 'uWS::Group<false>::pingHandler': class 'std::function<void (uWS::WebSocket<false> *,char *,std::size_t)>' needs to have dll-interface to be used by clients of struct 'uWS::Group<false>'
  c:\src\vcpkg\installed\x64-windows\include\uws\Group.h(30): note: see declaration of 'std::function<void (uWS::WebSocket<false> *,char *,std::size_t)>'
c:\src\vcpkg\installed\x64-windows\include\uws\Group.h(31): warning C4251: 'uWS::Group<false>::pongHandler': class 'std::function<void (uWS::WebSocket<false> *,char *,std::size_t)>' needs to have dll-interface to be used by clients of struct 'uWS::Group<false>'
  c:\src\vcpkg\installed\x64-windows\include\uws\Group.h(30): note: see declaration of 'std::function<void (uWS::WebSocket<false> *,char *,std::size_t)>'
c:\src\vcpkg\installed\x64-windows\include\uws\Group.h(32): warning C4251: 'uWS::Group<false>::httpConnectionHandler': class 'std::function<void (uWS::HttpSocket<false> *)>' needs to have dll-interface to be used by clients of struct 'uWS::Group<false>'
  c:\src\vcpkg\installed\x64-windows\include\uws\Group.h(32): note: see declaration of 'std::function<void (uWS::HttpSocket<false> *)>'
c:\src\vcpkg\installed\x64-windows\include\uws\Group.h(33): warning C4251: 'uWS::Group<false>::httpRequestHandler': class 'std::function<void (uWS::HttpResponse *,uWS::HttpRequest,char *,std::size_t,std::size_t)>' needs to have dll-interface to be used by clients of struct 'uWS::Group<false>'
  c:\src\vcpkg\installed\x64-windows\include\uws\Group.h(33): note: see declaration of 'std::function<void (uWS::HttpResponse *,uWS::HttpRequest,char *,std::size_t,std::size_t)>'
c:\src\vcpkg\installed\x64-windows\include\uws\Group.h(34): warning C4251: 'uWS::Group<false>::httpDataHandler': class 'std::function<void (uWS::HttpResponse *,char *,std::size_t,std::size_t)>' needs to have dll-interface to be used by clients of struct 'uWS::Group<false>'
  c:\src\vcpkg\installed\x64-windows\include\uws\Group.h(34): note: see declaration of 'std::function<void (uWS::HttpResponse *,char *,std::size_t,std::size_t)>'
c:\src\vcpkg\installed\x64-windows\include\uws\Group.h(35): warning C4251: 'uWS::Group<false>::httpCancelledRequestHandler': class 'std::function<void (uWS::HttpResponse *)>' needs to have dll-interface to be used by clients of struct 'uWS::Group<false>'
  c:\src\vcpkg\installed\x64-windows\include\uws\Group.h(35): note: see declaration of 'std::function<void (uWS::HttpResponse *)>'
c:\src\vcpkg\installed\x64-windows\include\uws\Group.h(36): warning C4251: 'uWS::Group<false>::httpDisconnectionHandler': class 'std::function<void (uWS::HttpSocket<false> *)>' needs to have dll-interface to be used by clients of struct 'uWS::Group<false>'
  c:\src\vcpkg\installed\x64-windows\include\uws\Group.h(32): note: see declaration of 'std::function<void (uWS::HttpSocket<false> *)>'
c:\src\vcpkg\installed\x64-windows\include\uws\Group.h(37): warning C4251: 'uWS::Group<false>::httpUpgradeHandler': class 'std::function<void (uWS::HttpSocket<false> *,uWS::HttpRequest)>' needs to have dll-interface to be used by clients of struct 'uWS::Group<false>'
  c:\src\vcpkg\installed\x64-windows\include\uws\Group.h(37): note: see declaration of 'std::function<void (uWS::HttpSocket<false> *,uWS::HttpRequest)>'
c:\src\vcpkg\installed\x64-windows\include\uws\Group.h(40): warning C4251: 'uWS::Group<false>::errorHandler': class 'std::function<void (void *)>' needs to have dll-interface to be used by clients of struct 'uWS::Group<false>'
  c:\src\vcpkg\installed\x64-windows\include\uws\Group.h(40): note: see declaration of 'std::function<void (void *)>'
c:\src\vcpkg\installed\x64-windows\include\uws\Group.h(45): warning C4251: 'uWS::Group<false>::userPingMessage': class 'std::basic_string<char,std::char_traits<char>,std::allocator<char>>' needs to have dll-interface to be used by clients of struct 'uWS::Group<false>'
  C:\Program Files (x86)\Microsoft Visual Studio 14.0\VC\include\xstring(2633): note: see declaration of 'std::basic_string<char,std::char_traits<char>,std::allocator<char>>'
c:\src\vcpkg\installed\x64-windows\include\uws\Group.h(46): warning C4251: 'uWS::Group<false>::iterators': class 'std::stack<Poll *,std::deque<_Ty,std::allocator<_Ty>>>' needs to have dll-interface to be used by clients of struct 'uWS::Group<false>'
          with
          [
              _Ty=Poll *
          ]
  c:\src\vcpkg\installed\x64-windows\include\uws\Group.h(46): note: see declaration of 'std::stack<Poll *,std::deque<_Ty,std::allocator<_Ty>>>'
          with
          [
              _Ty=Poll *
          ]
c:\src\vcpkg\installed\x64-windows\include\uws\Hub.h(24): warning C4251: 'uWS::Hub::dynamicInflationBuffer': class 'std::basic_string<char,std::char_traits<char>,std::allocator<char>>' needs to have dll-interface to be used by clients of struct 'uWS::Hub'
  C:\Program Files (x86)\Microsoft Visual Studio 14.0\VC\include\xstring(2633): note: see declaration of 'std::basic_string<char,std::char_traits<char>,std::allocator<char>>'
c:\src\vcpkg\installed\x64-windows\include\uws\Hub.h(91): warning C4099: 'uWS::WebSocket<true>': type name first seen using 'struct' now seen using 'class'
  c:\src\vcpkg\installed\x64-windows\include\uws\Group.h(22): note: see declaration of 'uWS::WebSocket<true>'
c:\src\vcpkg\installed\x64-windows\include\uws\Hub.h(92): warning C4099: 'uWS::WebSocket<false>': type name first seen using 'struct' now seen using 'class'
  c:\src\vcpkg\installed\x64-windows\include\uws\Group.h(22): note: see declaration of 'uWS::WebSocket<false>'
c:\src\vcpkg\installed\x64-windows\include\uws\WebSocket.h(16): warning C4251: 'uWS::WebSocketState<false>::state': struct 'uWS::WebSocketState<false>::State' needs to have dll-interface to be used by clients of struct 'uWS::WebSocketState<false>'
  c:\src\vcpkg\installed\x64-windows\include\uws\WebSocketProtocol.h(34): note: see declaration of 'uWS::WebSocketState<false>::State'
  C:\Program Files (x86)\Microsoft Visual Studio 14.0\VC\include\type_traits(1373): note: see reference to class template instantiation 'uWS::WebSocket<false>' being compiled
  C:\Program Files (x86)\Microsoft Visual Studio 14.0\VC\include\functional(494): note: see reference to class template instantiation 'std::result_of<_Fx &(uWS::WebSocket<false> *,char *,std::size_t,uWS::OpCode)>' being compiled
          with
          [
              _Fx=main::<lambda_776520c493b71055c774cec672c06bc8>
          ]
c:\src\vcpkg\installed\x64-windows\include\uws\WebSocket.h(18): warning C4251: 'uWS::WebSocket<false>::fragmentBuffer': class 'std::basic_string<char,std::char_traits<char>,std::allocator<char>>' needs to have dll-interface to be used by clients of struct 'uWS::WebSocket<false>'
  C:\Program Files (x86)\Microsoft Visual Studio 14.0\VC\include\xstring(2633): note: see declaration of 'std::basic_string<char,std::char_traits<char>,std::allocator<char>>'
c:\src\vcpkg\installed\x64-windows\include\uws\HTTPSocket.h(115): warning C4251: 'uWS::HttpSocket<false>::httpBuffer': class 'std::basic_string<char,std::char_traits<char>,std::allocator<char>>' needs to have dll-interface to be used by clients of struct 'uWS::HttpSocket<false>'
  C:\Program Files (x86)\Microsoft Visual Studio 14.0\VC\include\xstring(2633): note: see declaration of 'std::basic_string<char,std::char_traits<char>,std::allocator<char>>'
  C:\Program Files (x86)\Microsoft Visual Studio 14.0\VC\include\functional(549): note: see reference to class template instantiation 'uWS::HttpSocket<false>' being compiled
  C:\Program Files (x86)\Microsoft Visual Studio 14.0\VC\include\functional(548): note: while compiling class template member function 'std::function<void (uWS::HttpSocket<false> *,uWS::HttpRequest)> &std::function<void (uWS::HttpSocket<false> *,uWS::HttpRequest)>::operator =(std::function<void (uWS::HttpSocket<false> *,uWS::HttpRequest)> &&)'
  c:\src\vcpkg\installed\x64-windows\include\uws\Hub.h(93): note: see reference to function template instantiation 'std::function<void (uWS::HttpSocket<false> *,uWS::HttpRequest)> &std::function<void (uWS::HttpSocket<false> *,uWS::HttpRequest)>::operator =(std::function<void (uWS::HttpSocket<false> *,uWS::HttpRequest)> &&)' being compiled
  c:\src\vcpkg\installed\x64-windows\include\uws\Group.h(37): note: see reference to class template instantiation 'std::function<void (uWS::HttpSocket<false> *,uWS::HttpRequest)>' being compiled
  c:\src\vcpkg\installed\x64-windows\include\uws\Hub.h(13): note: see reference to class template instantiation 'uWS::Group<false>' being compiled
c:\src\vcpkg\installed\x64-windows\include\uws\Socket.h(358): warning C4267: 'initializing': conversion from 'size_t' to 'int', possible loss of data
  c:\src\vcpkg\installed\x64-windows\include\uws\HTTPSocket.h(185): note: see reference to function template instantiation 'void uS::Socket::sendTransformed<uWS::HttpResponse::write::NoopTransformer,int>(const char *,std::size_t,void (__cdecl *)(void *,void *,bool,void *),void *,D)' being compiled
          with
          [
              D=int
          ]
  pid.vcxproj -> C:\Users\aanay\Udaity Term 2\PID\CarND-PID-Control-Project-master\CarND-PID-Control-Project-master\build\Debug\pid.exe
